# JRE version: OpenJDK Runtime Environment (8.0_151-b12) (build 1.8.0_151-8u151-b12-1~deb9u1-b12)
# Java VM: OpenJDK 64-Bit Server VM (25.151-b12 mixed mode linux-amd64 compressed oops)
Heap:
 PSYoungGen      total 58368K, used 33722K [0x00000000d6f80000, 0x00000000db380000, 0x0000000100000000)
  eden space 57344K, 57% used [0x00000000d6f80000,0x00000000d8fbe9e0,0x00000000da780000)
  from space 1024K, 68% used [0x00000000db280000,0x00000000db330010,0x00000000db380000)
  to   space 5120K, 0% used [0x00000000da980000,0x00000000da980000,0x00000000dae80000)
 ParOldGen       total 73216K, used 35071K [0x0000000084e00000, 0x0000000089580000, 0x00000000d6f80000)
  object space 73216K, 47% used [0x0000000084e00000,0x000000008703fd10,0x0000000089580000)
 Metaspace       used 11292K, capacity 11434K, committed 11648K, reserved 1058816K
  class space    used 1336K, capacity 1403K, committed 1408K, reserved 1048576K
GC Heap History (10 events):
Event: 2.476 GC heap before
{Heap before GC invocations=1 (full 0):
 PSYoungGen      total 36864K, used 31744K [0x00000000d6f80000, 0x00000000d9880000, 0x0000000100000000)
  eden space 31744K, 100% used [0x00000000d6f80000,0x00000000d8e80000,0x00000000d8e80000)
  from space 5120K, 0% used [0x00000000d9380000,0x00000000d9380000,0x00000000d9880000)
  to   space 5120K, 0% used [0x00000000d8e80000,0x00000000d8e80000,0x00000000d9380000)
 ParOldGen       total 84992K, used 0K [0x0000000084e00000, 0x000000008a100000, 0x00000000d6f80000)
  object space 84992K, 0% used [0x0000000084e00000,0x0000000084e00000,0x000000008a100000)
 Metaspace       used 10413K, capacity 10538K, committed 10752K, reserved 1058816K
  class space    used 1214K, capacity 1275K, committed 1280K, reserved 1048576K
Event: 2.497 GC heap after
Heap after GC invocations=1 (full 0):
 PSYoungGen      total 36864K, used 3995K [0x00000000d6f80000, 0x00000000d9880000, 0x0000000100000000)
  eden space 31744K, 0% used [0x00000000d6f80000,0x00000000d6f80000,0x00000000d8e80000)
  from space 5120K, 78% used [0x00000000d8e80000,0x00000000d9266d68,0x00000000d9380000)
  to   space 5120K, 0% used [0x00000000d9380000,0x00000000d9380000,0x00000000d9880000)
 ParOldGen       total 84992K, used 24661K [0x0000000084e00000, 0x000000008a100000, 0x00000000d6f80000)
  object space 84992K, 29% used [0x0000000084e00000,0x0000000086615578,0x000000008a100000)
 Metaspace       used 10413K, capacity 10538K, committed 10752K, reserved 1058816K
  class space    used 1214K, capacity 1275K, committed 1280K, reserved 1048576K
}
Event: 2.830 GC heap before
{Heap before GC invocations=2 (full 0):
 PSYoungGen      total 36864K, used 35739K [0x00000000d6f80000, 0x00000000d9880000, 0x0000000100000000)
  eden space 31744K, 100% used [0x00000000d6f80000,0x00000000d8e80000,0x00000000d8e80000)
  from space 5120K, 78% used [0x00000000d8e80000,0x00000000d9266d68,0x00000000d9380000)
  to   space 5120K, 0% used [0x00000000d9380000,0x00000000d9380000,0x00000000d9880000)
 ParOldGen       total 84992K, used 24661K [0x0000000084e00000, 0x000000008a100000, 0x00000000d6f80000)
  object space 84992K, 29% used [0x0000000084e00000,0x0000000086615578,0x000000008a100000)
 Metaspace       used 10586K, capacity 10762K, committed 11136K, reserved 1058816K
  class space    used 1234K, capacity 1307K, committed 1408K, reserved 1048576K
Event: 2.853 GC heap after
Heap after GC invocations=2 (full 0):
 PSYoungGen      total 36864K, used 2003K [0x00000000d6f80000, 0x00000000db780000, 0x0000000100000000)
  eden space 31744K, 0% used [0x00000000d6f80000,0x00000000d6f80000,0x00000000d8e80000)
  from space 5120K, 39% used [0x00000000d9380000,0x00000000d9574ff0,0x00000000d9880000)
  to   space 5120K, 0% used [0x00000000d8e80000,0x00000000d8e80000,0x00000000d9380000)
 ParOldGen       total 84992K, used 49322K [0x0000000084e00000, 0x000000008a100000, 0x00000000d6f80000)
  object space 84992K, 58% used [0x0000000084e00000,0x0000000087e2aaf0,0x000000008a100000)
 Metaspace       used 10586K, capacity 10762K, committed 11136K, reserved 1058816K
  class space    used 1234K, capacity 1307K, committed 1408K, reserved 1048576K
}
Event: 3.122 GC heap before
{Heap before GC invocations=3 (full 0):
 PSYoungGen      total 36864K, used 29505K [0x00000000d6f80000, 0x00000000db780000, 0x0000000100000000)
  eden space 31744K, 86% used [0x00000000d6f80000,0x00000000d8a5b438,0x00000000d8e80000)
  from space 5120K, 39% used [0x00000000d9380000,0x00000000d9574ff0,0x00000000d9880000)
  to   space 5120K, 0% used [0x00000000d8e80000,0x00000000d8e80000,0x00000000d9380000)
 ParOldGen       total 84992K, used 49322K [0x0000000084e00000, 0x000000008a100000, 0x00000000d6f80000)
  object space 84992K, 58% used [0x0000000084e00000,0x0000000087e2aaf0,0x000000008a100000)
 Metaspace       used 10943K, capacity 11146K, committed 11392K, reserved 1058816K
  class space    used 1305K, capacity 1371K, committed 1408K, reserved 1048576K
Event: 3.136 GC heap after
Heap after GC invocations=3 (full 0):
 PSYoungGen      total 36864K, used 2263K [0x00000000d6f80000, 0x00000000db780000, 0x0000000100000000)
  eden space 31744K, 0% used [0x00000000d6f80000,0x00000000d6f80000,0x00000000d8e80000)
  from space 5120K, 44% used [0x00000000d8e80000,0x00000000d90b5fd8,0x00000000d9380000)
  to   space 5120K, 0% used [0x00000000db280000,0x00000000db280000,0x00000000db780000)
 ParOldGen       total 84992K, used 73984K [0x0000000084e00000, 0x000000008a100000, 0x00000000d6f80000)
  object space 84992K, 87% used [0x0000000084e00000,0x0000000089640068,0x000000008a100000)
 Metaspace       used 10943K, capacity 11146K, committed 11392K, reserved 1058816K
  class space    used 1305K, capacity 1371K, committed 1408K, reserved 1048576K
}
Event: 3.136 GC heap before
{Heap before GC invocations=4 (full 1):
 PSYoungGen      total 36864K, used 2263K [0x00000000d6f80000, 0x00000000db780000, 0x0000000100000000)
  eden space 31744K, 0% used [0x00000000d6f80000,0x00000000d6f80000,0x00000000d8e80000)
  from space 5120K, 44% used [0x00000000d8e80000,0x00000000d90b5fd8,0x00000000d9380000)
  to   space 5120K, 0% used [0x00000000db280000,0x00000000db280000,0x00000000db780000)
 ParOldGen       total 84992K, used 73984K [0x0000000084e00000, 0x000000008a100000, 0x00000000d6f80000)
  object space 84992K, 87% used [0x0000000084e00000,0x0000000089640068,0x000000008a100000)
 Metaspace       used 10943K, capacity 11146K, committed 11392K, reserved 1058816K
  class space    used 1305K, capacity 1371K, committed 1408K, reserved 1048576K
Event: 3.164 GC heap after
Heap after GC invocations=4 (full 1):
 PSYoungGen      total 36864K, used 0K [0x00000000d6f80000, 0x00000000db780000, 0x0000000100000000)
  eden space 31744K, 0% used [0x00000000d6f80000,0x00000000d6f80000,0x00000000d8e80000)
  from space 5120K, 0% used [0x00000000d8e80000,0x00000000d8e80000,0x00000000d9380000)
  to   space 5120K, 0% used [0x00000000db280000,0x00000000db280000,0x00000000db780000)
 ParOldGen       total 73216K, used 10417K [0x0000000084e00000, 0x0000000089580000, 0x00000000d6f80000)
  object space 73216K, 14% used [0x0000000084e00000,0x000000008582c798,0x0000000089580000)
 Metaspace       used 10943K, capacity 11146K, committed 11392K, reserved 1058816K
  class space    used 1305K, capacity 1371K, committed 1408K, reserved 1048576K
}
Event: 3.488 GC heap before
{Heap before GC invocations=5 (full 1):
 PSYoungGen      total 36864K, used 30874K [0x00000000d6f80000, 0x00000000db780000, 0x0000000100000000)
  eden space 31744K, 97% used [0x00000000d6f80000,0x00000000d8da69c0,0x00000000d8e80000)
  from space 5120K, 0% used [0x00000000d8e80000,0x00000000d8e80000,0x00000000d9380000)
  to   space 5120K, 0% used [0x00000000db280000,0x00000000db280000,0x00000000db780000)
 ParOldGen       total 73216K, used 10417K [0x0000000084e00000, 0x0000000089580000, 0x00000000d6f80000)
  object space 73216K, 14% used [0x0000000084e00000,0x000000008582c798,0x0000000089580000)
 Metaspace       used 11269K, capacity 11434K, committed 11648K, reserved 1058816K
  class space    used 1334K, capacity 1403K, committed 1408K, reserved 1048576K
Event: 3.494 GC heap after
Heap after GC invocations=5 (full 1):
 PSYoungGen      total 58368K, used 704K [0x00000000d6f80000, 0x00000000db380000, 0x0000000100000000)
  eden space 57344K, 0% used [0x00000000d6f80000,0x00000000d6f80000,0x00000000da780000)
  from space 1024K, 68% used [0x00000000db280000,0x00000000db330010,0x00000000db380000)
  to   space 5120K, 0% used [0x00000000da980000,0x00000000da980000,0x00000000dae80000)
 ParOldGen       total 73216K, used 35071K [0x0000000084e00000, 0x0000000089580000, 0x00000000d6f80000)
  object space 73216K, 47% used [0x0000000084e00000,0x000000008703fd10,0x0000000089580000)
 Metaspace       used 11269K, capacity 11434K, committed 11648K, reserved 1058816K
  class space    used 1334K, capacity 1403K, committed 1408K, reserved 1048576K
}

