# JRE version: OpenJDK Runtime Environment (8.0_151-b12) (build 1.8.0_151-8u151-b12-1~deb9u1-b12)
# Java VM: OpenJDK 64-Bit Server VM (25.151-b12 mixed mode linux-amd64 compressed oops)
Heap:
 PSYoungGen      total 60416K, used 33066K [0x00000000d6f80000, 0x00000000db380000, 0x0000000100000000)
  eden space 59392K, 55% used [0x00000000d6f80000,0x00000000d8fca830,0x00000000da980000)
  from space 1024K, 0% used [0x00000000db280000,0x00000000db280000,0x00000000db380000)
  to   space 5120K, 0% used [0x00000000da980000,0x00000000da980000,0x00000000dae80000)
 ParOldGen       total 137216K, used 27336K [0x0000000084e00000, 0x000000008d400000, 0x00000000d6f80000)
  object space 137216K, 19% used [0x0000000084e00000,0x00000000868b2138,0x000000008d400000)
 Metaspace       used 11285K, capacity 11434K, committed 11648K, reserved 1058816K
  class space    used 1336K, capacity 1403K, committed 1408K, reserved 1048576K
GC Heap History (10 events):
Event: 3.054 GC heap before
{Heap before GC invocations=2 (full 0):
 PSYoungGen      total 36864K, used 35724K [0x00000000d6f80000, 0x00000000d9880000, 0x0000000100000000)
  eden space 31744K, 100% used [0x00000000d6f80000,0x00000000d8e80000,0x00000000d8e80000)
  from space 5120K, 77% used [0x00000000d8e80000,0x00000000d92633b8,0x00000000d9380000)
  to   space 5120K, 0% used [0x00000000d9380000,0x00000000d9380000,0x00000000d9880000)
 ParOldGen       total 84992K, used 24661K [0x0000000084e00000, 0x000000008a100000, 0x00000000d6f80000)
  object space 84992K, 29% used [0x0000000084e00000,0x0000000086615578,0x000000008a100000)
 Metaspace       used 10599K, capacity 10762K, committed 11136K, reserved 1058816K
  class space    used 1234K, capacity 1307K, committed 1408K, reserved 1048576K
Event: 3.076 GC heap after
Heap after GC invocations=2 (full 0):
 PSYoungGen      total 36864K, used 1988K [0x00000000d6f80000, 0x00000000db780000, 0x0000000100000000)
  eden space 31744K, 0% used [0x00000000d6f80000,0x00000000d6f80000,0x00000000d8e80000)
  from space 5120K, 38% used [0x00000000d9380000,0x00000000d9571000,0x00000000d9880000)
  to   space 5120K, 0% used [0x00000000d8e80000,0x00000000d8e80000,0x00000000d9380000)
 ParOldGen       total 84992K, used 49322K [0x0000000084e00000, 0x000000008a100000, 0x00000000d6f80000)
  object space 84992K, 58% used [0x0000000084e00000,0x0000000087e2aaf0,0x000000008a100000)
 Metaspace       used 10599K, capacity 10762K, committed 11136K, reserved 1058816K
  class space    used 1234K, capacity 1307K, committed 1408K, reserved 1048576K
}
Event: 3.317 GC heap before
{Heap before GC invocations=3 (full 0):
 PSYoungGen      total 36864K, used 29652K [0x00000000d6f80000, 0x00000000db780000, 0x0000000100000000)
  eden space 31744K, 87% used [0x00000000d6f80000,0x00000000d8a840b8,0x00000000d8e80000)
  from space 5120K, 38% used [0x00000000d9380000,0x00000000d9571000,0x00000000d9880000)
  to   space 5120K, 0% used [0x00000000d8e80000,0x00000000d8e80000,0x00000000d9380000)
 ParOldGen       total 84992K, used 49322K [0x0000000084e00000, 0x000000008a100000, 0x00000000d6f80000)
  object space 84992K, 58% used [0x0000000084e00000,0x0000000087e2aaf0,0x000000008a100000)
 Metaspace       used 10950K, capacity 11146K, committed 11392K, reserved 1058816K
  class space    used 1305K, capacity 1371K, committed 1408K, reserved 1048576K
Event: 3.337 GC heap after
Heap after GC invocations=3 (full 0):
 PSYoungGen      total 36864K, used 2295K [0x00000000d6f80000, 0x00000000db780000, 0x0000000100000000)
  eden space 31744K, 0% used [0x00000000d6f80000,0x00000000d6f80000,0x00000000d8e80000)
  from space 5120K, 44% used [0x00000000d8e80000,0x00000000d90bdfd8,0x00000000d9380000)
  to   space 5120K, 0% used [0x00000000db280000,0x00000000db280000,0x00000000db780000)
 ParOldGen       total 84992K, used 82201K [0x0000000084e00000, 0x000000008a100000, 0x00000000d6f80000)
  object space 84992K, 96% used [0x0000000084e00000,0x0000000089e46790,0x000000008a100000)
 Metaspace       used 10950K, capacity 11146K, committed 11392K, reserved 1058816K
  class space    used 1305K, capacity 1371K, committed 1408K, reserved 1048576K
}
Event: 3.337 GC heap before
{Heap before GC invocations=4 (full 1):
 PSYoungGen      total 36864K, used 2295K [0x00000000d6f80000, 0x00000000db780000, 0x0000000100000000)
  eden space 31744K, 0% used [0x00000000d6f80000,0x00000000d6f80000,0x00000000d8e80000)
  from space 5120K, 44% used [0x00000000d8e80000,0x00000000d90bdfd8,0x00000000d9380000)
  to   space 5120K, 0% used [0x00000000db280000,0x00000000db280000,0x00000000db780000)
 ParOldGen       total 84992K, used 82201K [0x0000000084e00000, 0x000000008a100000, 0x00000000d6f80000)
  object space 84992K, 96% used [0x0000000084e00000,0x0000000089e46790,0x000000008a100000)
 Metaspace       used 10950K, capacity 11146K, committed 11392K, reserved 1058816K
  class space    used 1305K, capacity 1371K, committed 1408K, reserved 1048576K
Event: 3.361 GC heap after
Heap after GC invocations=4 (full 1):
 PSYoungGen      total 36864K, used 0K [0x00000000d6f80000, 0x00000000db780000, 0x0000000100000000)
  eden space 31744K, 0% used [0x00000000d6f80000,0x00000000d6f80000,0x00000000d8e80000)
  from space 5120K, 0% used [0x00000000d8e80000,0x00000000d8e80000,0x00000000d9380000)
  to   space 5120K, 0% used [0x00000000db280000,0x00000000db280000,0x00000000db780000)
 ParOldGen       total 79360K, used 10422K [0x0000000084e00000, 0x0000000089b80000, 0x00000000d6f80000)
  object space 79360K, 13% used [0x0000000084e00000,0x000000008582db50,0x0000000089b80000)
 Metaspace       used 10950K, capacity 11146K, committed 11392K, reserved 1058816K
  class space    used 1305K, capacity 1371K, committed 1408K, reserved 1048576K
}
Event: 3.566 GC heap before
{Heap before GC invocations=5 (full 1):
 PSYoungGen      total 36864K, used 31042K [0x00000000d6f80000, 0x00000000db780000, 0x0000000100000000)
  eden space 31744K, 97% used [0x00000000d6f80000,0x00000000d8dd0be0,0x00000000d8e80000)
  from space 5120K, 0% used [0x00000000d8e80000,0x00000000d8e80000,0x00000000d9380000)
  to   space 5120K, 0% used [0x00000000db280000,0x00000000db280000,0x00000000db780000)
 ParOldGen       total 79360K, used 10422K [0x0000000084e00000, 0x0000000089b80000, 0x00000000d6f80000)
  object space 79360K, 13% used [0x0000000084e00000,0x000000008582db50,0x0000000089b80000)
 Metaspace       used 11262K, capacity 11434K, committed 11648K, reserved 1058816K
  class space    used 1334K, capacity 1403K, committed 1408K, reserved 1048576K
Event: 3.574 GC heap after
Heap after GC invocations=5 (full 1):
 PSYoungGen      total 60416K, used 768K [0x00000000d6f80000, 0x00000000db380000, 0x0000000100000000)
  eden space 59392K, 0% used [0x00000000d6f80000,0x00000000d6f80000,0x00000000da980000)
  from space 1024K, 75% used [0x00000000db280000,0x00000000db340010,0x00000000db380000)
  to   space 5120K, 0% used [0x00000000da980000,0x00000000da980000,0x00000000dae80000)
 ParOldGen       total 79360K, used 67955K [0x0000000084e00000, 0x0000000089b80000, 0x00000000d6f80000)
  object space 79360K, 85% used [0x0000000084e00000,0x000000008905cd68,0x0000000089b80000)
 Metaspace       used 11262K, capacity 11434K, committed 11648K, reserved 1058816K
  class space    used 1334K, capacity 1403K, committed 1408K, reserved 1048576K
}
Event: 3.574 GC heap before
{Heap before GC invocations=6 (full 2):
 PSYoungGen      total 60416K, used 768K [0x00000000d6f80000, 0x00000000db380000, 0x0000000100000000)
  eden space 59392K, 0% used [0x00000000d6f80000,0x00000000d6f80000,0x00000000da980000)
  from space 1024K, 75% used [0x00000000db280000,0x00000000db340010,0x00000000db380000)
  to   space 5120K, 0% used [0x00000000da980000,0x00000000da980000,0x00000000dae80000)
 ParOldGen       total 79360K, used 67955K [0x0000000084e00000, 0x0000000089b80000, 0x00000000d6f80000)
  object space 79360K, 85% used [0x0000000084e00000,0x000000008905cd68,0x0000000089b80000)
 Metaspace       used 11262K, capacity 11434K, committed 11648K, reserved 1058816K
  class space    used 1334K, capacity 1403K, committed 1408K, reserved 1048576K
Event: 3.593 GC heap after
Heap after GC invocations=6 (full 2):
 PSYoungGen      total 60416K, used 0K [0x00000000d6f80000, 0x00000000db380000, 0x0000000100000000)
  eden space 59392K, 0% used [0x00000000d6f80000,0x00000000d6f80000,0x00000000da980000)
  from space 1024K, 0% used [0x00000000db280000,0x00000000db280000,0x00000000db380000)
  to   space 5120K, 0% used [0x00000000da980000,0x00000000da980000,0x00000000dae80000)
 ParOldGen       total 137216K, used 27336K [0x0000000084e00000, 0x000000008d400000, 0x00000000d6f80000)
  object space 137216K, 19% used [0x0000000084e00000,0x00000000868b2138,0x000000008d400000)
 Metaspace       used 11262K, capacity 11434K, committed 11648K, reserved 1058816K
  class space    used 1334K, capacity 1403K, committed 1408K, reserved 1048576K
}

