# JRE version: OpenJDK Runtime Environment (8.0_151-b12) (build 1.8.0_151-8u151-b12-1~deb9u1-b12)
# Java VM: OpenJDK 64-Bit Server VM (25.151-b12 mixed mode linux-amd64 compressed oops)
Heap:
 PSYoungGen      total 58880K, used 33029K [0x00000000d6f80000, 0x00000000db380000, 0x0000000100000000)
  eden space 57856K, 57% used [0x00000000d6f80000,0x00000000d8fc1678,0x00000000da800000)
  from space 1024K, 0% used [0x00000000db280000,0x00000000db280000,0x00000000db380000)
  to   space 5120K, 0% used [0x00000000da980000,0x00000000da980000,0x00000000dae80000)
 ParOldGen       total 121856K, used 27243K [0x0000000084e00000, 0x000000008c500000, 0x00000000d6f80000)
  object space 121856K, 22% used [0x0000000084e00000,0x000000008689ad00,0x000000008c500000)
 Metaspace       used 11290K, capacity 11434K, committed 11648K, reserved 1058816K
  class space    used 1336K, capacity 1403K, committed 1408K, reserved 1048576K
GC Heap History (10 events):
Event: 2.618 GC heap before
{Heap before GC invocations=2 (full 0):
 PSYoungGen      total 36864K, used 35739K [0x00000000d6f80000, 0x00000000d9880000, 0x0000000100000000)
  eden space 31744K, 100% used [0x00000000d6f80000,0x00000000d8e80000,0x00000000d8e80000)
  from space 5120K, 78% used [0x00000000d8e80000,0x00000000d9266d68,0x00000000d9380000)
  to   space 5120K, 0% used [0x00000000d9380000,0x00000000d9380000,0x00000000d9880000)
 ParOldGen       total 84992K, used 24661K [0x0000000084e00000, 0x000000008a100000, 0x00000000d6f80000)
  object space 84992K, 29% used [0x0000000084e00000,0x0000000086615578,0x000000008a100000)
 Metaspace       used 10601K, capacity 10762K, committed 11136K, reserved 1058816K
  class space    used 1234K, capacity 1307K, committed 1408K, reserved 1048576K
Event: 2.637 GC heap after
Heap after GC invocations=2 (full 0):
 PSYoungGen      total 36864K, used 2003K [0x00000000d6f80000, 0x00000000db780000, 0x0000000100000000)
  eden space 31744K, 0% used [0x00000000d6f80000,0x00000000d6f80000,0x00000000d8e80000)
  from space 5120K, 39% used [0x00000000d9380000,0x00000000d9574fd0,0x00000000d9880000)
  to   space 5120K, 0% used [0x00000000d8e80000,0x00000000d8e80000,0x00000000d9380000)
 ParOldGen       total 84992K, used 49322K [0x0000000084e00000, 0x000000008a100000, 0x00000000d6f80000)
  object space 84992K, 58% used [0x0000000084e00000,0x0000000087e2aaf0,0x000000008a100000)
 Metaspace       used 10601K, capacity 10762K, committed 11136K, reserved 1058816K
  class space    used 1234K, capacity 1307K, committed 1408K, reserved 1048576K
}
Event: 2.897 GC heap before
{Heap before GC invocations=3 (full 0):
 PSYoungGen      total 36864K, used 30067K [0x00000000d6f80000, 0x00000000db780000, 0x0000000100000000)
  eden space 31744K, 88% used [0x00000000d6f80000,0x00000000d8ae7ff0,0x00000000d8e80000)
  from space 5120K, 39% used [0x00000000d9380000,0x00000000d9574fd0,0x00000000d9880000)
  to   space 5120K, 0% used [0x00000000d8e80000,0x00000000d8e80000,0x00000000d9380000)
 ParOldGen       total 84992K, used 49322K [0x0000000084e00000, 0x000000008a100000, 0x00000000d6f80000)
  object space 84992K, 58% used [0x0000000084e00000,0x0000000087e2aaf0,0x000000008a100000)
 Metaspace       used 10949K, capacity 11082K, committed 11392K, reserved 1058816K
  class space    used 1305K, capacity 1371K, committed 1408K, reserved 1048576K
Event: 2.912 GC heap after
Heap after GC invocations=3 (full 0):
 PSYoungGen      total 36864K, used 2295K [0x00000000d6f80000, 0x00000000db780000, 0x0000000100000000)
  eden space 31744K, 0% used [0x00000000d6f80000,0x00000000d6f80000,0x00000000d8e80000)
  from space 5120K, 44% used [0x00000000d8e80000,0x00000000d90bdfb8,0x00000000d9380000)
  to   space 5120K, 0% used [0x00000000db280000,0x00000000db280000,0x00000000db780000)
 ParOldGen       total 84992K, used 65758K [0x0000000084e00000, 0x000000008a100000, 0x00000000d6f80000)
  object space 84992K, 77% used [0x0000000084e00000,0x0000000088e37940,0x000000008a100000)
 Metaspace       used 10949K, capacity 11082K, committed 11392K, reserved 1058816K
  class space    used 1305K, capacity 1371K, committed 1408K, reserved 1048576K
}
Event: 2.912 GC heap before
{Heap before GC invocations=4 (full 1):
 PSYoungGen      total 36864K, used 2295K [0x00000000d6f80000, 0x00000000db780000, 0x0000000100000000)
  eden space 31744K, 0% used [0x00000000d6f80000,0x00000000d6f80000,0x00000000d8e80000)
  from space 5120K, 44% used [0x00000000d8e80000,0x00000000d90bdfb8,0x00000000d9380000)
  to   space 5120K, 0% used [0x00000000db280000,0x00000000db280000,0x00000000db780000)
 ParOldGen       total 84992K, used 65758K [0x0000000084e00000, 0x000000008a100000, 0x00000000d6f80000)
  object space 84992K, 77% used [0x0000000084e00000,0x0000000088e37940,0x000000008a100000)
 Metaspace       used 10949K, capacity 11082K, committed 11392K, reserved 1058816K
  class space    used 1305K, capacity 1371K, committed 1408K, reserved 1048576K
Event: 2.936 GC heap after
Heap after GC invocations=4 (full 1):
 PSYoungGen      total 36864K, used 0K [0x00000000d6f80000, 0x00000000db780000, 0x0000000100000000)
  eden space 31744K, 0% used [0x00000000d6f80000,0x00000000d6f80000,0x00000000d8e80000)
  from space 5120K, 0% used [0x00000000d8e80000,0x00000000d8e80000,0x00000000d9380000)
  to   space 5120K, 0% used [0x00000000db280000,0x00000000db280000,0x00000000db780000)
 ParOldGen       total 75264K, used 10422K [0x0000000084e00000, 0x0000000089780000, 0x00000000d6f80000)
  object space 75264K, 13% used [0x0000000084e00000,0x000000008582d9e8,0x0000000089780000)
 Metaspace       used 10949K, capacity 11082K, committed 11392K, reserved 1058816K
  class space    used 1305K, capacity 1371K, committed 1408K, reserved 1048576K
}
Event: 3.148 GC heap before
{Heap before GC invocations=5 (full 1):
 PSYoungGen      total 36864K, used 30885K [0x00000000d6f80000, 0x00000000db780000, 0x0000000100000000)
  eden space 31744K, 97% used [0x00000000d6f80000,0x00000000d8da9578,0x00000000d8e80000)
  from space 5120K, 0% used [0x00000000d8e80000,0x00000000d8e80000,0x00000000d9380000)
  to   space 5120K, 0% used [0x00000000db280000,0x00000000db280000,0x00000000db780000)
 ParOldGen       total 75264K, used 10422K [0x0000000084e00000, 0x0000000089780000, 0x00000000d6f80000)
  object space 75264K, 13% used [0x0000000084e00000,0x000000008582d9e8,0x0000000089780000)
 Metaspace       used 11267K, capacity 11434K, committed 11648K, reserved 1058816K
  class space    used 1334K, capacity 1403K, committed 1408K, reserved 1048576K
Event: 3.154 GC heap after
Heap after GC invocations=5 (full 1):
 PSYoungGen      total 58880K, used 704K [0x00000000d6f80000, 0x00000000db380000, 0x0000000100000000)
  eden space 57856K, 0% used [0x00000000d6f80000,0x00000000d6f80000,0x00000000da800000)
  from space 1024K, 68% used [0x00000000db280000,0x00000000db330010,0x00000000db380000)
  to   space 5120K, 0% used [0x00000000da980000,0x00000000da980000,0x00000000dae80000)
 ParOldGen       total 75264K, used 43301K [0x0000000084e00000, 0x0000000089780000, 0x00000000d6f80000)
  object space 75264K, 57% used [0x0000000084e00000,0x0000000087849688,0x0000000089780000)
 Metaspace       used 11267K, capacity 11434K, committed 11648K, reserved 1058816K
  class space    used 1334K, capacity 1403K, committed 1408K, reserved 1048576K
}
Event: 3.154 GC heap before
{Heap before GC invocations=6 (full 2):
 PSYoungGen      total 58880K, used 704K [0x00000000d6f80000, 0x00000000db380000, 0x0000000100000000)
  eden space 57856K, 0% used [0x00000000d6f80000,0x00000000d6f80000,0x00000000da800000)
  from space 1024K, 68% used [0x00000000db280000,0x00000000db330010,0x00000000db380000)
  to   space 5120K, 0% used [0x00000000da980000,0x00000000da980000,0x00000000dae80000)
 ParOldGen       total 75264K, used 43301K [0x0000000084e00000, 0x0000000089780000, 0x00000000d6f80000)
  object space 75264K, 57% used [0x0000000084e00000,0x0000000087849688,0x0000000089780000)
 Metaspace       used 11267K, capacity 11434K, committed 11648K, reserved 1058816K
  class space    used 1334K, capacity 1403K, committed 1408K, reserved 1048576K
Event: 3.175 GC heap after
Heap after GC invocations=6 (full 2):
 PSYoungGen      total 58880K, used 0K [0x00000000d6f80000, 0x00000000db380000, 0x0000000100000000)
  eden space 57856K, 0% used [0x00000000d6f80000,0x00000000d6f80000,0x00000000da800000)
  from space 1024K, 0% used [0x00000000db280000,0x00000000db280000,0x00000000db380000)
  to   space 5120K, 0% used [0x00000000da980000,0x00000000da980000,0x00000000dae80000)
 ParOldGen       total 121856K, used 27243K [0x0000000084e00000, 0x000000008c500000, 0x00000000d6f80000)
  object space 121856K, 22% used [0x0000000084e00000,0x000000008689ad00,0x000000008c500000)
 Metaspace       used 11267K, capacity 11434K, committed 11648K, reserved 1058816K
  class space    used 1334K, capacity 1403K, committed 1408K, reserved 1048576K
}

