# JRE version: OpenJDK Runtime Environment (8.0_151-b12) (build 1.8.0_151-8u151-b12-1~deb9u1-b12)
# Java VM: OpenJDK 64-Bit Server VM (25.151-b12 mixed mode linux-amd64 compressed oops)
Heap:
 PSYoungGen      total 61440K, used 33078K [0x00000000d6f80000, 0x00000000db400000, 0x0000000100000000)
  eden space 59904K, 55% used [0x00000000d6f80000,0x00000000d8fcd9c8,0x00000000daa00000)
  from space 1536K, 0% used [0x00000000db280000,0x00000000db280000,0x00000000db400000)
  to   space 5120K, 0% used [0x00000000daa00000,0x00000000daa00000,0x00000000daf00000)
 ParOldGen       total 134656K, used 27526K [0x0000000084e00000, 0x000000008d180000, 0x00000000d6f80000)
  object space 134656K, 20% used [0x0000000084e00000,0x00000000868e1a68,0x000000008d180000)
 Metaspace       used 11292K, capacity 11434K, committed 11648K, reserved 1058816K
  class space    used 1336K, capacity 1403K, committed 1408K, reserved 1048576K
GC Heap History (10 events):
Event: 3.020 GC heap before
{Heap before GC invocations=2 (full 0):
 PSYoungGen      total 36864K, used 35724K [0x00000000d6f80000, 0x00000000d9880000, 0x0000000100000000)
  eden space 31744K, 100% used [0x00000000d6f80000,0x00000000d8e80000,0x00000000d8e80000)
  from space 5120K, 77% used [0x00000000d8e80000,0x00000000d92633b8,0x00000000d9380000)
  to   space 5120K, 0% used [0x00000000d9380000,0x00000000d9380000,0x00000000d9880000)
 ParOldGen       total 84992K, used 24669K [0x0000000084e00000, 0x000000008a100000, 0x00000000d6f80000)
  object space 84992K, 29% used [0x0000000084e00000,0x0000000086617578,0x000000008a100000)
 Metaspace       used 10606K, capacity 10762K, committed 11136K, reserved 1058816K
  class space    used 1234K, capacity 1307K, committed 1408K, reserved 1048576K
Event: 3.038 GC heap after
Heap after GC invocations=2 (full 0):
 PSYoungGen      total 36864K, used 2003K [0x00000000d6f80000, 0x00000000db780000, 0x0000000100000000)
  eden space 31744K, 0% used [0x00000000d6f80000,0x00000000d6f80000,0x00000000d8e80000)
  from space 5120K, 39% used [0x00000000d9380000,0x00000000d9574fd0,0x00000000d9880000)
  to   space 5120K, 0% used [0x00000000d8e80000,0x00000000d8e80000,0x00000000d9380000)
 ParOldGen       total 84992K, used 49330K [0x0000000084e00000, 0x000000008a100000, 0x00000000d6f80000)
  object space 84992K, 58% used [0x0000000084e00000,0x0000000087e2caf0,0x000000008a100000)
 Metaspace       used 10606K, capacity 10762K, committed 11136K, reserved 1058816K
  class space    used 1234K, capacity 1307K, committed 1408K, reserved 1048576K
}
Event: 3.264 GC heap before
{Heap before GC invocations=3 (full 0):
 PSYoungGen      total 36864K, used 29977K [0x00000000d6f80000, 0x00000000db780000, 0x0000000100000000)
  eden space 31744K, 88% used [0x00000000d6f80000,0x00000000d8ad1750,0x00000000d8e80000)
  from space 5120K, 39% used [0x00000000d9380000,0x00000000d9574fd0,0x00000000d9880000)
  to   space 5120K, 0% used [0x00000000d8e80000,0x00000000d8e80000,0x00000000d9380000)
 ParOldGen       total 84992K, used 49330K [0x0000000084e00000, 0x000000008a100000, 0x00000000d6f80000)
  object space 84992K, 58% used [0x0000000084e00000,0x0000000087e2caf0,0x000000008a100000)
 Metaspace       used 10956K, capacity 11146K, committed 11392K, reserved 1058816K
  class space    used 1305K, capacity 1371K, committed 1408K, reserved 1048576K
Event: 3.288 GC heap after
Heap after GC invocations=3 (full 0):
 PSYoungGen      total 36864K, used 2295K [0x00000000d6f80000, 0x00000000db780000, 0x0000000100000000)
  eden space 31744K, 0% used [0x00000000d6f80000,0x00000000d6f80000,0x00000000d8e80000)
  from space 5120K, 44% used [0x00000000d8e80000,0x00000000d90bdfb8,0x00000000d9380000)
  to   space 5120K, 0% used [0x00000000db280000,0x00000000db280000,0x00000000db780000)
 ParOldGen       total 84992K, used 82209K [0x0000000084e00000, 0x000000008a100000, 0x00000000d6f80000)
  object space 84992K, 96% used [0x0000000084e00000,0x0000000089e48790,0x000000008a100000)
 Metaspace       used 10956K, capacity 11146K, committed 11392K, reserved 1058816K
  class space    used 1305K, capacity 1371K, committed 1408K, reserved 1048576K
}
Event: 3.288 GC heap before
{Heap before GC invocations=4 (full 1):
 PSYoungGen      total 36864K, used 2295K [0x00000000d6f80000, 0x00000000db780000, 0x0000000100000000)
  eden space 31744K, 0% used [0x00000000d6f80000,0x00000000d6f80000,0x00000000d8e80000)
  from space 5120K, 44% used [0x00000000d8e80000,0x00000000d90bdfb8,0x00000000d9380000)
  to   space 5120K, 0% used [0x00000000db280000,0x00000000db280000,0x00000000db780000)
 ParOldGen       total 84992K, used 82209K [0x0000000084e00000, 0x000000008a100000, 0x00000000d6f80000)
  object space 84992K, 96% used [0x0000000084e00000,0x0000000089e48790,0x000000008a100000)
 Metaspace       used 10956K, capacity 11146K, committed 11392K, reserved 1058816K
  class space    used 1305K, capacity 1371K, committed 1408K, reserved 1048576K
Event: 3.310 GC heap after
Heap after GC invocations=4 (full 1):
 PSYoungGen      total 36864K, used 0K [0x00000000d6f80000, 0x00000000db780000, 0x0000000100000000)
  eden space 31744K, 0% used [0x00000000d6f80000,0x00000000d6f80000,0x00000000d8e80000)
  from space 5120K, 0% used [0x00000000d8e80000,0x00000000d8e80000,0x00000000d9380000)
  to   space 5120K, 0% used [0x00000000db280000,0x00000000db280000,0x00000000db780000)
 ParOldGen       total 79360K, used 10423K [0x0000000084e00000, 0x0000000089b80000, 0x00000000d6f80000)
  object space 79360K, 13% used [0x0000000084e00000,0x000000008582dc18,0x0000000089b80000)
 Metaspace       used 10956K, capacity 11146K, committed 11392K, reserved 1058816K
  class space    used 1305K, capacity 1371K, committed 1408K, reserved 1048576K
}
Event: 3.514 GC heap before
{Heap before GC invocations=5 (full 1):
 PSYoungGen      total 36864K, used 31031K [0x00000000d6f80000, 0x00000000db780000, 0x0000000100000000)
  eden space 31744K, 97% used [0x00000000d6f80000,0x00000000d8dcde38,0x00000000d8e80000)
  from space 5120K, 0% used [0x00000000d8e80000,0x00000000d8e80000,0x00000000d9380000)
  to   space 5120K, 0% used [0x00000000db280000,0x00000000db280000,0x00000000db780000)
 ParOldGen       total 79360K, used 10423K [0x0000000084e00000, 0x0000000089b80000, 0x00000000d6f80000)
  object space 79360K, 13% used [0x0000000084e00000,0x000000008582dc18,0x0000000089b80000)
 Metaspace       used 11268K, capacity 11434K, committed 11648K, reserved 1058816K
  class space    used 1334K, capacity 1403K, committed 1408K, reserved 1048576K
Event: 3.521 GC heap after
Heap after GC invocations=5 (full 1):
 PSYoungGen      total 61440K, used 768K [0x00000000d6f80000, 0x00000000db400000, 0x0000000100000000)
  eden space 59904K, 0% used [0x00000000d6f80000,0x00000000d6f80000,0x00000000daa00000)
  from space 1536K, 50% used [0x00000000db280000,0x00000000db340010,0x00000000db400000)
  to   space 5120K, 0% used [0x00000000daa00000,0x00000000daa00000,0x00000000daf00000)
 ParOldGen       total 79360K, used 67955K [0x0000000084e00000, 0x0000000089b80000, 0x00000000d6f80000)
  object space 79360K, 85% used [0x0000000084e00000,0x000000008905ce30,0x0000000089b80000)
 Metaspace       used 11268K, capacity 11434K, committed 11648K, reserved 1058816K
  class space    used 1334K, capacity 1403K, committed 1408K, reserved 1048576K
}
Event: 3.521 GC heap before
{Heap before GC invocations=6 (full 2):
 PSYoungGen      total 61440K, used 768K [0x00000000d6f80000, 0x00000000db400000, 0x0000000100000000)
  eden space 59904K, 0% used [0x00000000d6f80000,0x00000000d6f80000,0x00000000daa00000)
  from space 1536K, 50% used [0x00000000db280000,0x00000000db340010,0x00000000db400000)
  to   space 5120K, 0% used [0x00000000daa00000,0x00000000daa00000,0x00000000daf00000)
 ParOldGen       total 79360K, used 67955K [0x0000000084e00000, 0x0000000089b80000, 0x00000000d6f80000)
  object space 79360K, 85% used [0x0000000084e00000,0x000000008905ce30,0x0000000089b80000)
 Metaspace       used 11268K, capacity 11434K, committed 11648K, reserved 1058816K
  class space    used 1334K, capacity 1403K, committed 1408K, reserved 1048576K
Event: 3.533 GC heap after
Heap after GC invocations=6 (full 2):
 PSYoungGen      total 61440K, used 0K [0x00000000d6f80000, 0x00000000db400000, 0x0000000100000000)
  eden space 59904K, 0% used [0x00000000d6f80000,0x00000000d6f80000,0x00000000daa00000)
  from space 1536K, 0% used [0x00000000db280000,0x00000000db280000,0x00000000db400000)
  to   space 5120K, 0% used [0x00000000daa00000,0x00000000daa00000,0x00000000daf00000)
 ParOldGen       total 134656K, used 27526K [0x0000000084e00000, 0x000000008d180000, 0x00000000d6f80000)
  object space 134656K, 20% used [0x0000000084e00000,0x00000000868e1a68,0x000000008d180000)
 Metaspace       used 11268K, capacity 11434K, committed 11648K, reserved 1058816K
  class space    used 1334K, capacity 1403K, committed 1408K, reserved 1048576K
}

