# JRE version: OpenJDK Runtime Environment (8.0_151-b12) (build 1.8.0_151-8u151-b12-1~deb9u1-b12)
# Java VM: OpenJDK 64-Bit Server VM (25.151-b12 mixed mode linux-amd64 compressed oops)
Heap:
 PSYoungGen      total 59392K, used 33041K [0x00000000d6f80000, 0x00000000db380000, 0x0000000100000000)
  eden space 58368K, 56% used [0x00000000d6f80000,0x00000000d8fc4460,0x00000000da880000)
  from space 1024K, 0% used [0x00000000db280000,0x00000000db280000,0x00000000db380000)
  to   space 5120K, 0% used [0x00000000da980000,0x00000000da980000,0x00000000dae80000)
 ParOldGen       total 115712K, used 27518K [0x0000000084e00000, 0x000000008bf00000, 0x00000000d6f80000)
  object space 115712K, 23% used [0x0000000084e00000,0x00000000868dfa80,0x000000008bf00000)
 Metaspace       used 11288K, capacity 11434K, committed 11648K, reserved 1058816K
  class space    used 1336K, capacity 1403K, committed 1408K, reserved 1048576K
GC Heap History (10 events):
Event: 2.655 GC heap before
{Heap before GC invocations=2 (full 0):
 PSYoungGen      total 36864K, used 35740K [0x00000000d6f80000, 0x00000000d9880000, 0x0000000100000000)
  eden space 31744K, 100% used [0x00000000d6f80000,0x00000000d8e80000,0x00000000d8e80000)
  from space 5120K, 78% used [0x00000000d8e80000,0x00000000d92673a8,0x00000000d9380000)
  to   space 5120K, 0% used [0x00000000d9380000,0x00000000d9380000,0x00000000d9880000)
 ParOldGen       total 84992K, used 24661K [0x0000000084e00000, 0x000000008a100000, 0x00000000d6f80000)
  object space 84992K, 29% used [0x0000000084e00000,0x0000000086615578,0x000000008a100000)
 Metaspace       used 10591K, capacity 10762K, committed 11136K, reserved 1058816K
  class space    used 1234K, capacity 1307K, committed 1408K, reserved 1048576K
Event: 2.676 GC heap after
Heap after GC invocations=2 (full 0):
 PSYoungGen      total 36864K, used 2000K [0x00000000d6f80000, 0x00000000db780000, 0x0000000100000000)
  eden space 31744K, 0% used [0x00000000d6f80000,0x00000000d6f80000,0x00000000d8e80000)
  from space 5120K, 39% used [0x00000000d9380000,0x00000000d9574020,0x00000000d9880000)
  to   space 5120K, 0% used [0x00000000d8e80000,0x00000000d8e80000,0x00000000d9380000)
 ParOldGen       total 84992K, used 49314K [0x0000000084e00000, 0x000000008a100000, 0x00000000d6f80000)
  object space 84992K, 58% used [0x0000000084e00000,0x0000000087e28af0,0x000000008a100000)
 Metaspace       used 10591K, capacity 10762K, committed 11136K, reserved 1058816K
  class space    used 1234K, capacity 1307K, committed 1408K, reserved 1048576K
}
Event: 2.925 GC heap before
{Heap before GC invocations=3 (full 0):
 PSYoungGen      total 36864K, used 30036K [0x00000000d6f80000, 0x00000000db780000, 0x0000000100000000)
  eden space 31744K, 88% used [0x00000000d6f80000,0x00000000d8ae1120,0x00000000d8e80000)
  from space 5120K, 39% used [0x00000000d9380000,0x00000000d9574020,0x00000000d9880000)
  to   space 5120K, 0% used [0x00000000d8e80000,0x00000000d8e80000,0x00000000d9380000)
 ParOldGen       total 84992K, used 49314K [0x0000000084e00000, 0x000000008a100000, 0x00000000d6f80000)
  object space 84992K, 58% used [0x0000000084e00000,0x0000000087e28af0,0x000000008a100000)
 Metaspace       used 10940K, capacity 11082K, committed 11392K, reserved 1058816K
  class space    used 1305K, capacity 1371K, committed 1408K, reserved 1048576K
Event: 2.946 GC heap after
Heap after GC invocations=3 (full 0):
 PSYoungGen      total 36864K, used 2263K [0x00000000d6f80000, 0x00000000db780000, 0x0000000100000000)
  eden space 31744K, 0% used [0x00000000d6f80000,0x00000000d6f80000,0x00000000d8e80000)
  from space 5120K, 44% used [0x00000000d8e80000,0x00000000d90b5fb8,0x00000000d9380000)
  to   space 5120K, 0% used [0x00000000db280000,0x00000000db280000,0x00000000db780000)
 ParOldGen       total 84992K, used 65750K [0x0000000084e00000, 0x000000008a100000, 0x00000000d6f80000)
  object space 84992K, 77% used [0x0000000084e00000,0x0000000088e35940,0x000000008a100000)
 Metaspace       used 10940K, capacity 11082K, committed 11392K, reserved 1058816K
  class space    used 1305K, capacity 1371K, committed 1408K, reserved 1048576K
}
Event: 2.946 GC heap before
{Heap before GC invocations=4 (full 1):
 PSYoungGen      total 36864K, used 2263K [0x00000000d6f80000, 0x00000000db780000, 0x0000000100000000)
  eden space 31744K, 0% used [0x00000000d6f80000,0x00000000d6f80000,0x00000000d8e80000)
  from space 5120K, 44% used [0x00000000d8e80000,0x00000000d90b5fb8,0x00000000d9380000)
  to   space 5120K, 0% used [0x00000000db280000,0x00000000db280000,0x00000000db780000)
 ParOldGen       total 84992K, used 65750K [0x0000000084e00000, 0x000000008a100000, 0x00000000d6f80000)
  object space 84992K, 77% used [0x0000000084e00000,0x0000000088e35940,0x000000008a100000)
 Metaspace       used 10940K, capacity 11082K, committed 11392K, reserved 1058816K
  class space    used 1305K, capacity 1371K, committed 1408K, reserved 1048576K
Event: 2.974 GC heap after
Heap after GC invocations=4 (full 1):
 PSYoungGen      total 36864K, used 0K [0x00000000d6f80000, 0x00000000db780000, 0x0000000100000000)
  eden space 31744K, 0% used [0x00000000d6f80000,0x00000000d6f80000,0x00000000d8e80000)
  from space 5120K, 0% used [0x00000000d8e80000,0x00000000d8e80000,0x00000000d9380000)
  to   space 5120K, 0% used [0x00000000db280000,0x00000000db280000,0x00000000db780000)
 ParOldGen       total 74752K, used 10423K [0x0000000084e00000, 0x0000000089700000, 0x00000000d6f80000)
  object space 74752K, 13% used [0x0000000084e00000,0x000000008582dc20,0x0000000089700000)
 Metaspace       used 10940K, capacity 11082K, committed 11392K, reserved 1058816K
  class space    used 1305K, capacity 1371K, committed 1408K, reserved 1048576K
}
Event: 3.183 GC heap before
{Heap before GC invocations=5 (full 1):
 PSYoungGen      total 36864K, used 30874K [0x00000000d6f80000, 0x00000000db780000, 0x0000000100000000)
  eden space 31744K, 97% used [0x00000000d6f80000,0x00000000d8da6918,0x00000000d8e80000)
  from space 5120K, 0% used [0x00000000d8e80000,0x00000000d8e80000,0x00000000d9380000)
  to   space 5120K, 0% used [0x00000000db280000,0x00000000db280000,0x00000000db780000)
 ParOldGen       total 74752K, used 10423K [0x0000000084e00000, 0x0000000089700000, 0x00000000d6f80000)
  object space 74752K, 13% used [0x0000000084e00000,0x000000008582dc20,0x0000000089700000)
 Metaspace       used 11265K, capacity 11434K, committed 11648K, reserved 1058816K
  class space    used 1334K, capacity 1403K, committed 1408K, reserved 1048576K
Event: 3.191 GC heap after
Heap after GC invocations=5 (full 1):
 PSYoungGen      total 59392K, used 736K [0x00000000d6f80000, 0x00000000db380000, 0x0000000100000000)
  eden space 58368K, 0% used [0x00000000d6f80000,0x00000000d6f80000,0x00000000da880000)
  from space 1024K, 71% used [0x00000000db280000,0x00000000db338010,0x00000000db380000)
  to   space 5120K, 0% used [0x00000000da980000,0x00000000da980000,0x00000000dae80000)
 ParOldGen       total 74752K, used 43302K [0x0000000084e00000, 0x0000000089700000, 0x00000000d6f80000)
  object space 74752K, 57% used [0x0000000084e00000,0x00000000878498c0,0x0000000089700000)
 Metaspace       used 11265K, capacity 11434K, committed 11648K, reserved 1058816K
  class space    used 1334K, capacity 1403K, committed 1408K, reserved 1048576K
}
Event: 3.191 GC heap before
{Heap before GC invocations=6 (full 2):
 PSYoungGen      total 59392K, used 736K [0x00000000d6f80000, 0x00000000db380000, 0x0000000100000000)
  eden space 58368K, 0% used [0x00000000d6f80000,0x00000000d6f80000,0x00000000da880000)
  from space 1024K, 71% used [0x00000000db280000,0x00000000db338010,0x00000000db380000)
  to   space 5120K, 0% used [0x00000000da980000,0x00000000da980000,0x00000000dae80000)
 ParOldGen       total 74752K, used 43302K [0x0000000084e00000, 0x0000000089700000, 0x00000000d6f80000)
  object space 74752K, 57% used [0x0000000084e00000,0x00000000878498c0,0x0000000089700000)
 Metaspace       used 11265K, capacity 11434K, committed 11648K, reserved 1058816K
  class space    used 1334K, capacity 1403K, committed 1408K, reserved 1048576K
Event: 3.204 GC heap after
Heap after GC invocations=6 (full 2):
 PSYoungGen      total 59392K, used 0K [0x00000000d6f80000, 0x00000000db380000, 0x0000000100000000)
  eden space 58368K, 0% used [0x00000000d6f80000,0x00000000d6f80000,0x00000000da880000)
  from space 1024K, 0% used [0x00000000db280000,0x00000000db280000,0x00000000db380000)
  to   space 5120K, 0% used [0x00000000da980000,0x00000000da980000,0x00000000dae80000)
 ParOldGen       total 115712K, used 27518K [0x0000000084e00000, 0x000000008bf00000, 0x00000000d6f80000)
  object space 115712K, 23% used [0x0000000084e00000,0x00000000868dfa80,0x000000008bf00000)
 Metaspace       used 11265K, capacity 11434K, committed 11648K, reserved 1058816K
  class space    used 1334K, capacity 1403K, committed 1408K, reserved 1048576K
}

