# JRE version: OpenJDK Runtime Environment (8.0_151-b12) (build 1.8.0_151-8u151-b12-1~deb9u1-b12)
# Java VM: OpenJDK 64-Bit Server VM (25.151-b12 mixed mode linux-amd64 compressed oops)
Heap:
 PSYoungGen      total 59392K, used 33745K [0x00000000d6f80000, 0x00000000db380000, 0x0000000100000000)
  eden space 58368K, 56% used [0x00000000d6f80000,0x00000000d8fc4580,0x00000000da880000)
  from space 1024K, 68% used [0x00000000db280000,0x00000000db330010,0x00000000db380000)
  to   space 5120K, 0% used [0x00000000da980000,0x00000000da980000,0x00000000dae80000)
 ParOldGen       total 80384K, used 26867K [0x0000000084e00000, 0x0000000089c80000, 0x00000000d6f80000)
  object space 80384K, 33% used [0x0000000084e00000,0x000000008683ce38,0x0000000089c80000)
 Metaspace       used 11281K, capacity 11434K, committed 11648K, reserved 1058816K
  class space    used 1336K, capacity 1403K, committed 1408K, reserved 1048576K
GC Heap History (10 events):
Event: 2.772 GC heap before
{Heap before GC invocations=1 (full 0):
 PSYoungGen      total 36864K, used 31744K [0x00000000d6f80000, 0x00000000d9880000, 0x0000000100000000)
  eden space 31744K, 100% used [0x00000000d6f80000,0x00000000d8e80000,0x00000000d8e80000)
  from space 5120K, 0% used [0x00000000d9380000,0x00000000d9380000,0x00000000d9880000)
  to   space 5120K, 0% used [0x00000000d8e80000,0x00000000d8e80000,0x00000000d9380000)
 ParOldGen       total 84992K, used 0K [0x0000000084e00000, 0x000000008a100000, 0x00000000d6f80000)
  object space 84992K, 0% used [0x0000000084e00000,0x0000000084e00000,0x000000008a100000)
 Metaspace       used 10409K, capacity 10538K, committed 10752K, reserved 1058816K
  class space    used 1214K, capacity 1275K, committed 1280K, reserved 1048576K
Event: 2.799 GC heap after
Heap after GC invocations=1 (full 0):
 PSYoungGen      total 36864K, used 3963K [0x00000000d6f80000, 0x00000000d9880000, 0x0000000100000000)
  eden space 31744K, 0% used [0x00000000d6f80000,0x00000000d6f80000,0x00000000d8e80000)
  from space 5120K, 77% used [0x00000000d8e80000,0x00000000d925ecf0,0x00000000d9380000)
  to   space 5120K, 0% used [0x00000000d9380000,0x00000000d9380000,0x00000000d9880000)
 ParOldGen       total 84992K, used 24661K [0x0000000084e00000, 0x000000008a100000, 0x00000000d6f80000)
  object space 84992K, 29% used [0x0000000084e00000,0x0000000086615578,0x000000008a100000)
 Metaspace       used 10409K, capacity 10538K, committed 10752K, reserved 1058816K
  class space    used 1214K, capacity 1275K, committed 1280K, reserved 1048576K
}
Event: 3.139 GC heap before
{Heap before GC invocations=2 (full 0):
 PSYoungGen      total 36864K, used 35707K [0x00000000d6f80000, 0x00000000d9880000, 0x0000000100000000)
  eden space 31744K, 100% used [0x00000000d6f80000,0x00000000d8e80000,0x00000000d8e80000)
  from space 5120K, 77% used [0x00000000d8e80000,0x00000000d925ecf0,0x00000000d9380000)
  to   space 5120K, 0% used [0x00000000d9380000,0x00000000d9380000,0x00000000d9880000)
 ParOldGen       total 84992K, used 24661K [0x0000000084e00000, 0x000000008a100000, 0x00000000d6f80000)
  object space 84992K, 29% used [0x0000000084e00000,0x0000000086615578,0x000000008a100000)
 Metaspace       used 10595K, capacity 10762K, committed 11136K, reserved 1058816K
  class space    used 1234K, capacity 1307K, committed 1408K, reserved 1048576K
Event: 3.186 GC heap after
Heap after GC invocations=2 (full 0):
 PSYoungGen      total 36864K, used 2003K [0x00000000d6f80000, 0x00000000db780000, 0x0000000100000000)
  eden space 31744K, 0% used [0x00000000d6f80000,0x00000000d6f80000,0x00000000d8e80000)
  from space 5120K, 39% used [0x00000000d9380000,0x00000000d9574ff0,0x00000000d9880000)
  to   space 5120K, 0% used [0x00000000d8e80000,0x00000000d8e80000,0x00000000d9380000)
 ParOldGen       total 84992K, used 49314K [0x0000000084e00000, 0x000000008a100000, 0x00000000d6f80000)
  object space 84992K, 58% used [0x0000000084e00000,0x0000000087e28af0,0x000000008a100000)
 Metaspace       used 10595K, capacity 10762K, committed 11136K, reserved 1058816K
  class space    used 1234K, capacity 1307K, committed 1408K, reserved 1048576K
}
Event: 3.445 GC heap before
{Heap before GC invocations=3 (full 0):
 PSYoungGen      total 36864K, used 29660K [0x00000000d6f80000, 0x00000000db780000, 0x0000000100000000)
  eden space 31744K, 87% used [0x00000000d6f80000,0x00000000d8a82010,0x00000000d8e80000)
  from space 5120K, 39% used [0x00000000d9380000,0x00000000d9574ff0,0x00000000d9880000)
  to   space 5120K, 0% used [0x00000000d8e80000,0x00000000d8e80000,0x00000000d9380000)
 ParOldGen       total 84992K, used 49314K [0x0000000084e00000, 0x000000008a100000, 0x00000000d6f80000)
  object space 84992K, 58% used [0x0000000084e00000,0x0000000087e28af0,0x000000008a100000)
 Metaspace       used 10942K, capacity 11082K, committed 11392K, reserved 1058816K
  class space    used 1305K, capacity 1371K, committed 1408K, reserved 1048576K
Event: 3.472 GC heap after
Heap after GC invocations=3 (full 0):
 PSYoungGen      total 36864K, used 2311K [0x00000000d6f80000, 0x00000000db780000, 0x0000000100000000)
  eden space 31744K, 0% used [0x00000000d6f80000,0x00000000d6f80000,0x00000000d8e80000)
  from space 5120K, 45% used [0x00000000d8e80000,0x00000000d90c1fc8,0x00000000d9380000)
  to   space 5120K, 0% used [0x00000000db280000,0x00000000db280000,0x00000000db780000)
 ParOldGen       total 84992K, used 82193K [0x0000000084e00000, 0x000000008a100000, 0x00000000d6f80000)
  object space 84992K, 96% used [0x0000000084e00000,0x0000000089e44790,0x000000008a100000)
 Metaspace       used 10942K, capacity 11082K, committed 11392K, reserved 1058816K
  class space    used 1305K, capacity 1371K, committed 1408K, reserved 1048576K
}
Event: 3.472 GC heap before
{Heap before GC invocations=4 (full 1):
 PSYoungGen      total 36864K, used 2311K [0x00000000d6f80000, 0x00000000db780000, 0x0000000100000000)
  eden space 31744K, 0% used [0x00000000d6f80000,0x00000000d6f80000,0x00000000d8e80000)
  from space 5120K, 45% used [0x00000000d8e80000,0x00000000d90c1fc8,0x00000000d9380000)
  to   space 5120K, 0% used [0x00000000db280000,0x00000000db280000,0x00000000db780000)
 ParOldGen       total 84992K, used 82193K [0x0000000084e00000, 0x000000008a100000, 0x00000000d6f80000)
  object space 84992K, 96% used [0x0000000084e00000,0x0000000089e44790,0x000000008a100000)
 Metaspace       used 10942K, capacity 11082K, committed 11392K, reserved 1058816K
  class space    used 1305K, capacity 1371K, committed 1408K, reserved 1048576K
Event: 3.516 GC heap after
Heap after GC invocations=4 (full 1):
 PSYoungGen      total 36864K, used 0K [0x00000000d6f80000, 0x00000000db780000, 0x0000000100000000)
  eden space 31744K, 0% used [0x00000000d6f80000,0x00000000d6f80000,0x00000000d8e80000)
  from space 5120K, 0% used [0x00000000d8e80000,0x00000000d8e80000,0x00000000d9380000)
  to   space 5120K, 0% used [0x00000000db280000,0x00000000db280000,0x00000000db780000)
 ParOldGen       total 80384K, used 10423K [0x0000000084e00000, 0x0000000089c80000, 0x00000000d6f80000)
  object space 80384K, 12% used [0x0000000084e00000,0x000000008582dfe8,0x0000000089c80000)
 Metaspace       used 10942K, capacity 11082K, committed 11392K, reserved 1058816K
  class space    used 1305K, capacity 1371K, committed 1408K, reserved 1048576K
}
Event: 3.761 GC heap before
{Heap before GC invocations=5 (full 1):
 PSYoungGen      total 36864K, used 30846K [0x00000000d6f80000, 0x00000000db780000, 0x0000000100000000)
  eden space 31744K, 97% used [0x00000000d6f80000,0x00000000d8d9fa38,0x00000000d8e80000)
  from space 5120K, 0% used [0x00000000d8e80000,0x00000000d8e80000,0x00000000d9380000)
  to   space 5120K, 0% used [0x00000000db280000,0x00000000db280000,0x00000000db780000)
 ParOldGen       total 80384K, used 10423K [0x0000000084e00000, 0x0000000089c80000, 0x00000000d6f80000)
  object space 80384K, 12% used [0x0000000084e00000,0x000000008582dfe8,0x0000000089c80000)
 Metaspace       used 11257K, capacity 11434K, committed 11648K, reserved 1058816K
  class space    used 1334K, capacity 1403K, committed 1408K, reserved 1048576K
Event: 3.766 GC heap after
Heap after GC invocations=5 (full 1):
 PSYoungGen      total 59392K, used 704K [0x00000000d6f80000, 0x00000000db380000, 0x0000000100000000)
  eden space 58368K, 0% used [0x00000000d6f80000,0x00000000d6f80000,0x00000000da880000)
  from space 1024K, 68% used [0x00000000db280000,0x00000000db330010,0x00000000db380000)
  to   space 5120K, 0% used [0x00000000da980000,0x00000000da980000,0x00000000dae80000)
 ParOldGen       total 80384K, used 26867K [0x0000000084e00000, 0x0000000089c80000, 0x00000000d6f80000)
  object space 80384K, 33% used [0x0000000084e00000,0x000000008683ce38,0x0000000089c80000)
 Metaspace       used 11257K, capacity 11434K, committed 11648K, reserved 1058816K
  class space    used 1334K, capacity 1403K, committed 1408K, reserved 1048576K
}

