# JRE version: OpenJDK Runtime Environment (8.0_151-b12) (build 1.8.0_151-8u151-b12-1~deb9u1-b12)
# Java VM: OpenJDK 64-Bit Server VM (25.151-b12 mixed mode linux-amd64 compressed oops)
Heap:
 PSYoungGen      total 60416K, used 33062K [0x00000000d6f80000, 0x00000000db380000, 0x0000000100000000)
  eden space 59392K, 55% used [0x00000000d6f80000,0x00000000d8fc98c0,0x00000000da980000)
  from space 1024K, 0% used [0x00000000db280000,0x00000000db280000,0x00000000db380000)
  to   space 5120K, 0% used [0x00000000da980000,0x00000000da980000,0x00000000dae80000)
 ParOldGen       total 133632K, used 27562K [0x0000000084e00000, 0x000000008d080000, 0x00000000d6f80000)
  object space 133632K, 20% used [0x0000000084e00000,0x00000000868ea828,0x000000008d080000)
 Metaspace       used 11484K, capacity 11626K, committed 11904K, reserved 1060864K
  class space    used 1347K, capacity 1403K, committed 1408K, reserved 1048576K
GC Heap History (10 events):
Event: 3.383 GC heap before
{Heap before GC invocations=2 (full 0):
 PSYoungGen      total 36864K, used 35822K [0x00000000d6f80000, 0x00000000d9880000, 0x0000000100000000)
  eden space 31744K, 100% used [0x00000000d6f80000,0x00000000d8e80000,0x00000000d8e80000)
  from space 5120K, 79% used [0x00000000d8e80000,0x00000000d927bb78,0x00000000d9380000)
  to   space 5120K, 0% used [0x00000000d9380000,0x00000000d9380000,0x00000000d9880000)
 ParOldGen       total 84992K, used 24661K [0x0000000084e00000, 0x000000008a100000, 0x00000000d6f80000)
  object space 84992K, 29% used [0x0000000084e00000,0x0000000086615578,0x000000008a100000)
 Metaspace       used 10803K, capacity 10954K, committed 11136K, reserved 1058816K
  class space    used 1245K, capacity 1307K, committed 1408K, reserved 1048576K
Event: 3.396 GC heap after
Heap after GC invocations=2 (full 0):
 PSYoungGen      total 36864K, used 2051K [0x00000000d6f80000, 0x00000000db780000, 0x0000000100000000)
  eden space 31744K, 0% used [0x00000000d6f80000,0x00000000d6f80000,0x00000000d8e80000)
  from space 5120K, 40% used [0x00000000d9380000,0x00000000d9580fe0,0x00000000d9880000)
  to   space 5120K, 0% used [0x00000000d8e80000,0x00000000d8e80000,0x00000000d9380000)
 ParOldGen       total 84992K, used 49322K [0x0000000084e00000, 0x000000008a100000, 0x00000000d6f80000)
  object space 84992K, 58% used [0x0000000084e00000,0x0000000087e2aaf0,0x000000008a100000)
 Metaspace       used 10803K, capacity 10954K, committed 11136K, reserved 1058816K
  class space    used 1245K, capacity 1307K, committed 1408K, reserved 1048576K
}
Event: 3.651 GC heap before
{Heap before GC invocations=3 (full 0):
 PSYoungGen      total 36864K, used 30502K [0x00000000d6f80000, 0x00000000db780000, 0x0000000100000000)
  eden space 31744K, 89% used [0x00000000d6f80000,0x00000000d8b48aa8,0x00000000d8e80000)
  from space 5120K, 40% used [0x00000000d9380000,0x00000000d9580fe0,0x00000000d9880000)
  to   space 5120K, 0% used [0x00000000d8e80000,0x00000000d8e80000,0x00000000d9380000)
 ParOldGen       total 84992K, used 49322K [0x0000000084e00000, 0x000000008a100000, 0x00000000d6f80000)
  object space 84992K, 58% used [0x0000000084e00000,0x0000000087e2aaf0,0x000000008a100000)
 Metaspace       used 11144K, capacity 11306K, committed 11392K, reserved 1058816K
  class space    used 1316K, capacity 1403K, committed 1408K, reserved 1048576K
Event: 3.667 GC heap after
Heap after GC invocations=3 (full 0):
 PSYoungGen      total 36864K, used 2343K [0x00000000d6f80000, 0x00000000db780000, 0x0000000100000000)
  eden space 31744K, 0% used [0x00000000d6f80000,0x00000000d6f80000,0x00000000d8e80000)
  from space 5120K, 45% used [0x00000000d8e80000,0x00000000d90c9fc8,0x00000000d9380000)
  to   space 5120K, 0% used [0x00000000db280000,0x00000000db280000,0x00000000db780000)
 ParOldGen       total 84992K, used 82201K [0x0000000084e00000, 0x000000008a100000, 0x00000000d6f80000)
  object space 84992K, 96% used [0x0000000084e00000,0x0000000089e46790,0x000000008a100000)
 Metaspace       used 11144K, capacity 11306K, committed 11392K, reserved 1058816K
  class space    used 1316K, capacity 1403K, committed 1408K, reserved 1048576K
}
Event: 3.667 GC heap before
{Heap before GC invocations=4 (full 1):
 PSYoungGen      total 36864K, used 2343K [0x00000000d6f80000, 0x00000000db780000, 0x0000000100000000)
  eden space 31744K, 0% used [0x00000000d6f80000,0x00000000d6f80000,0x00000000d8e80000)
  from space 5120K, 45% used [0x00000000d8e80000,0x00000000d90c9fc8,0x00000000d9380000)
  to   space 5120K, 0% used [0x00000000db280000,0x00000000db280000,0x00000000db780000)
 ParOldGen       total 84992K, used 82201K [0x0000000084e00000, 0x000000008a100000, 0x00000000d6f80000)
  object space 84992K, 96% used [0x0000000084e00000,0x0000000089e46790,0x000000008a100000)
 Metaspace       used 11144K, capacity 11306K, committed 11392K, reserved 1058816K
  class space    used 1316K, capacity 1403K, committed 1408K, reserved 1048576K
Event: 3.689 GC heap after
Heap after GC invocations=4 (full 1):
 PSYoungGen      total 36864K, used 0K [0x00000000d6f80000, 0x00000000db780000, 0x0000000100000000)
  eden space 31744K, 0% used [0x00000000d6f80000,0x00000000d6f80000,0x00000000d8e80000)
  from space 5120K, 0% used [0x00000000d8e80000,0x00000000d8e80000,0x00000000d9380000)
  to   space 5120K, 0% used [0x00000000db280000,0x00000000db280000,0x00000000db780000)
 ParOldGen       total 79872K, used 10452K [0x0000000084e00000, 0x0000000089c00000, 0x00000000d6f80000)
  object space 79872K, 13% used [0x0000000084e00000,0x0000000085835388,0x0000000089c00000)
 Metaspace       used 11144K, capacity 11306K, committed 11392K, reserved 1058816K
  class space    used 1316K, capacity 1403K, committed 1408K, reserved 1048576K
}
Event: 3.889 GC heap before
{Heap before GC invocations=5 (full 1):
 PSYoungGen      total 36864K, used 31143K [0x00000000d6f80000, 0x00000000db780000, 0x0000000100000000)
  eden space 31744K, 98% used [0x00000000d6f80000,0x00000000d8de9e68,0x00000000d8e80000)
  from space 5120K, 0% used [0x00000000d8e80000,0x00000000d8e80000,0x00000000d9380000)
  to   space 5120K, 0% used [0x00000000db280000,0x00000000db280000,0x00000000db780000)
 ParOldGen       total 79872K, used 10452K [0x0000000084e00000, 0x0000000089c00000, 0x00000000d6f80000)
  object space 79872K, 13% used [0x0000000084e00000,0x0000000085835388,0x0000000089c00000)
 Metaspace       used 11462K, capacity 11626K, committed 11904K, reserved 1060864K
  class space    used 1346K, capacity 1403K, committed 1408K, reserved 1048576K
Event: 3.899 GC heap after
Heap after GC invocations=5 (full 1):
 PSYoungGen      total 60416K, used 800K [0x00000000d6f80000, 0x00000000db380000, 0x0000000100000000)
  eden space 59392K, 0% used [0x00000000d6f80000,0x00000000d6f80000,0x00000000da980000)
  from space 1024K, 78% used [0x00000000db280000,0x00000000db348010,0x00000000db380000)
  to   space 5120K, 0% used [0x00000000da980000,0x00000000da980000,0x00000000dae80000)
 ParOldGen       total 79872K, used 59767K [0x0000000084e00000, 0x0000000089c00000, 0x00000000d6f80000)
  object space 79872K, 74% used [0x0000000084e00000,0x000000008885de78,0x0000000089c00000)
 Metaspace       used 11462K, capacity 11626K, committed 11904K, reserved 1060864K
  class space    used 1346K, capacity 1403K, committed 1408K, reserved 1048576K
}
Event: 3.899 GC heap before
{Heap before GC invocations=6 (full 2):
 PSYoungGen      total 60416K, used 800K [0x00000000d6f80000, 0x00000000db380000, 0x0000000100000000)
  eden space 59392K, 0% used [0x00000000d6f80000,0x00000000d6f80000,0x00000000da980000)
  from space 1024K, 78% used [0x00000000db280000,0x00000000db348010,0x00000000db380000)
  to   space 5120K, 0% used [0x00000000da980000,0x00000000da980000,0x00000000dae80000)
 ParOldGen       total 79872K, used 59767K [0x0000000084e00000, 0x0000000089c00000, 0x00000000d6f80000)
  object space 79872K, 74% used [0x0000000084e00000,0x000000008885de78,0x0000000089c00000)
 Metaspace       used 11462K, capacity 11626K, committed 11904K, reserved 1060864K
  class space    used 1346K, capacity 1403K, committed 1408K, reserved 1048576K
Event: 3.917 GC heap after
Heap after GC invocations=6 (full 2):
 PSYoungGen      total 60416K, used 0K [0x00000000d6f80000, 0x00000000db380000, 0x0000000100000000)
  eden space 59392K, 0% used [0x00000000d6f80000,0x00000000d6f80000,0x00000000da980000)
  from space 1024K, 0% used [0x00000000db280000,0x00000000db280000,0x00000000db380000)
  to   space 5120K, 0% used [0x00000000da980000,0x00000000da980000,0x00000000dae80000)
 ParOldGen       total 133632K, used 27562K [0x0000000084e00000, 0x000000008d080000, 0x00000000d6f80000)
  object space 133632K, 20% used [0x0000000084e00000,0x00000000868ea828,0x000000008d080000)
 Metaspace       used 11462K, capacity 11626K, committed 11904K, reserved 1060864K
  class space    used 1346K, capacity 1403K, committed 1408K, reserved 1048576K
}

